{"uid":"b7f017d6044544d8","name":"should return at least one result for a common search query","fullName":"test/specs/search.spec.js#Search Functionality Spec.should return at least one result for a common search query","historyId":"4088257511d5e622d776d430e1381f84","time":{"start":1766082999641,"stop":1766083002334,"duration":2693},"status":"failed","statusMessage":"expected +0 to be above +0","statusTrace":"AssertionError: expected +0 to be above +0\n    at Context.<anonymous> (file:///home/runner/work/epam-test-project/epam-test-project/test/specs/search.spec.js:20:37)","flaky":false,"newFailed":false,"newBroken":false,"newPassed":false,"retriesCount":0,"retriesStatusChange":false,"beforeStages":[{"name":"\"before each\" hook for Search Functionality Spec","time":{"start":1766082999643,"stop":1766083000488,"duration":845},"status":"passed","steps":[],"attachments":[],"parameters":[],"stepsCount":0,"shouldDisplayMessage":false,"attachmentsCount":0,"hasContent":false,"attachmentStep":false}],"testStage":{"status":"failed","statusMessage":"expected +0 to be above +0","statusTrace":"AssertionError: expected +0 to be above +0\n    at Context.<anonymous> (file:///home/runner/work/epam-test-project/epam-test-project/test/specs/search.spec.js:20:37)","steps":[],"attachments":[{"uid":"dc43a90cabdd811f","name":"Screenshot","source":"dc43a90cabdd811f.png","type":"image/png","size":122848}],"parameters":[],"stepsCount":0,"shouldDisplayMessage":true,"attachmentsCount":1,"hasContent":true,"attachmentStep":false},"afterStages":[],"labels":[{"name":"parentSuite","value":"Search Functionality Spec"},{"name":"package","value":"test.specs.search.spec.js"},{"name":"language","value":"javascript"},{"name":"framework","value":"wdio"},{"name":"thread","value":"0-2"},{"name":"resultFormat","value":"allure2"}],"parameters":[{"name":"browser","value":"chrome-143.0.7499.109"}],"links":[],"hidden":true,"retry":true,"extra":{"categories":[],"tags":[]},"source":"b7f017d6044544d8.json","parameterValues":["chrome-143.0.7499.109"]}